<?xml version="1.0" encoding="UTF-8"?>
<!-- Generated by org.testng.reporters.JUnitReportReporter -->
<testsuite skipped="0" hostname="DESKTOP-1HEU4UN" name="com.Airpay.Utilities.Create_TestNGXML" tests="1" failures="0" timestamp="13 Aug 2019 13:03:33 GMT" time="155.861" errors="0">
  <testcase name="createXMLfile" time="155.861" classname="com.Airpay.Utilities.Create_TestNGXML"/>
</testsuite> <!-- com.Airpay.Utilities.Create_TestNGXML -->
