<?xml version="1.0" encoding="UTF-8"?>
<!-- Generated by org.testng.reporters.JUnitReportReporter -->
<testsuite skipped="0" hostname="DESKTOP-1HEU4UN" name="com.Airpay.Utilities.Create_TestNGXML" tests="1" failures="0" timestamp="22 Aug 2019 10:33:24 GMT" time="388.773" errors="0">
  <testcase name="createXMLfile" time="388.773" classname="com.Airpay.Utilities.Create_TestNGXML"/>
</testsuite> <!-- com.Airpay.Utilities.Create_TestNGXML -->
